{"/Users/michaellou/Documents/HRR36/checkout_module/client/desc.jsx": {"path":"/Users/michaellou/Documents/HRR36/checkout_module/client/desc.jsx","statementMap":{"0":{"start":{"line":8,"column":8},"end":{"line":8,"column":21}},"1":{"start":{"line":9,"column":8},"end":{"line":19,"column":9}},"2":{"start":{"line":22,"column":8},"end":{"line":22,"column":25}},"3":{"start":{"line":26,"column":8},"end":{"line":44,"column":11}},"4":{"start":{"line":30,"column":12},"end":{"line":39,"column":15}},"5":{"start":{"line":42,"column":12},"end":{"line":42,"column":31}},"6":{"start":{"line":48,"column":8},"end":{"line":50,"column":11}},"7":{"start":{"line":54,"column":8},"end":{"line":87,"column":9}},"8":{"start":{"line":92,"column":0},"end":{"line":92,"column":96}}},"fnMap":{"0":{"name":"(anonymous_0)","decl":{"start":{"line":7,"column":4},"end":{"line":7,"column":5}},"loc":{"start":{"line":7,"column":23},"end":{"line":20,"column":5}},"line":7},"1":{"name":"(anonymous_1)","decl":{"start":{"line":21,"column":4},"end":{"line":21,"column":5}},"loc":{"start":{"line":21,"column":24},"end":{"line":23,"column":5}},"line":21},"2":{"name":"(anonymous_2)","decl":{"start":{"line":25,"column":4},"end":{"line":25,"column":5}},"loc":{"start":{"line":25,"column":16},"end":{"line":45,"column":5}},"line":25},"3":{"name":"(anonymous_3)","decl":{"start":{"line":29,"column":19},"end":{"line":29,"column":20}},"loc":{"start":{"line":29,"column":32},"end":{"line":40,"column":11}},"line":29},"4":{"name":"(anonymous_4)","decl":{"start":{"line":41,"column":17},"end":{"line":41,"column":18}},"loc":{"start":{"line":41,"column":23},"end":{"line":43,"column":11}},"line":41},"5":{"name":"(anonymous_5)","decl":{"start":{"line":47,"column":4},"end":{"line":47,"column":5}},"loc":{"start":{"line":47,"column":13},"end":{"line":51,"column":5}},"line":47},"6":{"name":"(anonymous_6)","decl":{"start":{"line":53,"column":4},"end":{"line":53,"column":5}},"loc":{"start":{"line":53,"column":13},"end":{"line":88,"column":5}},"line":53}},"branchMap":{"0":{"loc":{"start":{"line":72,"column":44},"end":{"line":72,"column":79}},"type":"cond-expr","locations":[{"start":{"line":72,"column":62},"end":{"line":72,"column":69}},{"start":{"line":72,"column":71},"end":{"line":72,"column":79}}],"line":72},"1":{"loc":{"start":{"line":82,"column":21},"end":{"line":84,"column":120}},"type":"cond-expr","locations":[{"start":{"line":83,"column":20},"end":{"line":83,"column":97}},{"start":{"line":84,"column":20},"end":{"line":84,"column":120}}],"line":82},"2":{"loc":{"start":{"line":92,"column":30},"end":{"line":92,"column":94}},"type":"binary-expr","locations":[{"start":{"line":92,"column":30},"end":{"line":92,"column":61}},{"start":{"line":92,"column":65},"end":{"line":92,"column":94}}],"line":92}},"s":{"0":2,"1":2,"2":2,"3":4,"4":1,"5":0,"6":1,"7":4,"8":1},"f":{"0":2,"1":2,"2":4,"3":1,"4":0,"5":1,"6":4},"b":{"0":[1,3],"1":[1,3],"2":[1,1]},"_coverageSchema":"43e27e138ebf9cfc5966b082cf9a028302ed4184","hash":"badc5a149e5fb902a7753aadeb8bbda662bcca15"}
,"/Users/michaellou/Documents/HRR36/checkout_module/client/index.jsx": {"path":"/Users/michaellou/Documents/HRR36/checkout_module/client/index.jsx","statementMap":{"0":{"start":{"line":16,"column":4},"end":{"line":16,"column":17}},"1":{"start":{"line":18,"column":4},"end":{"line":34,"column":5}},"2":{"start":{"line":36,"column":4},"end":{"line":36,"column":47}},"3":{"start":{"line":37,"column":4},"end":{"line":37,"column":49}},"4":{"start":{"line":41,"column":4},"end":{"line":41,"column":37}},"5":{"start":{"line":44,"column":4},"end":{"line":44,"column":38}},"6":{"start":{"line":48,"column":4},"end":{"line":48,"column":21}},"7":{"start":{"line":49,"column":4},"end":{"line":49,"column":25}},"8":{"start":{"line":54,"column":4},"end":{"line":71,"column":7}},"9":{"start":{"line":58,"column":8},"end":{"line":66,"column":11}},"10":{"start":{"line":69,"column":8},"end":{"line":69,"column":27}},"11":{"start":{"line":77,"column":4},"end":{"line":79,"column":7}},"12":{"start":{"line":81,"column":4},"end":{"line":92,"column":6}},"13":{"start":{"line":85,"column":8},"end":{"line":90,"column":9}},"14":{"start":{"line":85,"column":21},"end":{"line":85,"column":22}},"15":{"start":{"line":86,"column":25},"end":{"line":86,"column":100}},"16":{"start":{"line":87,"column":10},"end":{"line":89,"column":13}},"17":{"start":{"line":97,"column":4},"end":{"line":97,"column":27}},"18":{"start":{"line":98,"column":19},"end":{"line":98,"column":24}},"19":{"start":{"line":99,"column":19},"end":{"line":99,"column":42}},"20":{"start":{"line":101,"column":4},"end":{"line":111,"column":5}},"21":{"start":{"line":102,"column":6},"end":{"line":102,"column":22}},"22":{"start":{"line":105,"column":6},"end":{"line":110,"column":7}},"23":{"start":{"line":105,"column":19},"end":{"line":105,"column":20}},"24":{"start":{"line":106,"column":8},"end":{"line":109,"column":9}},"25":{"start":{"line":107,"column":10},"end":{"line":107,"column":26}},"26":{"start":{"line":108,"column":10},"end":{"line":108,"column":16}},"27":{"start":{"line":115,"column":4},"end":{"line":130,"column":5}},"28":{"start":{"line":116,"column":6},"end":{"line":120,"column":9}},"29":{"start":{"line":122,"column":6},"end":{"line":126,"column":7}},"30":{"start":{"line":123,"column":8},"end":{"line":123,"column":111}},"31":{"start":{"line":124,"column":13},"end":{"line":126,"column":7}},"32":{"start":{"line":125,"column":8},"end":{"line":125,"column":109}},"33":{"start":{"line":127,"column":6},"end":{"line":127,"column":23}},"34":{"start":{"line":129,"column":6},"end":{"line":129,"column":33}},"35":{"start":{"line":136,"column":18},"end":{"line":136,"column":71}},"36":{"start":{"line":137,"column":19},"end":{"line":137,"column":70}},"37":{"start":{"line":139,"column":4},"end":{"line":169,"column":7}},"38":{"start":{"line":150,"column":8},"end":{"line":150,"column":29}},"39":{"start":{"line":151,"column":8},"end":{"line":157,"column":10}},"40":{"start":{"line":159,"column":8},"end":{"line":164,"column":9}},"41":{"start":{"line":160,"column":10},"end":{"line":160,"column":96}},"42":{"start":{"line":162,"column":15},"end":{"line":164,"column":9}},"43":{"start":{"line":163,"column":10},"end":{"line":163,"column":94}},"44":{"start":{"line":167,"column":8},"end":{"line":167,"column":38}},"45":{"start":{"line":175,"column":4},"end":{"line":186,"column":5}},"46":{"start":{"line":176,"column":6},"end":{"line":179,"column":8}},"47":{"start":{"line":181,"column":6},"end":{"line":181,"column":26}},"48":{"start":{"line":182,"column":6},"end":{"line":185,"column":8}},"49":{"start":{"line":192,"column":19},"end":{"line":192,"column":42}},"50":{"start":{"line":193,"column":4},"end":{"line":197,"column":5}},"51":{"start":{"line":193,"column":17},"end":{"line":193,"column":18}},"52":{"start":{"line":194,"column":6},"end":{"line":196,"column":7}},"53":{"start":{"line":195,"column":8},"end":{"line":195,"column":20}},"54":{"start":{"line":198,"column":4},"end":{"line":198,"column":17}},"55":{"start":{"line":202,"column":4},"end":{"line":301,"column":5}},"56":{"start":{"line":206,"column":14},"end":{"line":297,"column":15}},"57":{"start":{"line":219,"column":22},"end":{"line":219,"column":89}},"58":{"start":{"line":219,"column":67},"end":{"line":219,"column":87}},"59":{"start":{"line":226,"column":22},"end":{"line":229,"column":28}},"60":{"start":{"line":235,"column":22},"end":{"line":235,"column":53}},"61":{"start":{"line":271,"column":28},"end":{"line":271,"column":95}},"62":{"start":{"line":271,"column":73},"end":{"line":271,"column":93}},"63":{"start":{"line":278,"column":28},"end":{"line":281,"column":34}},"64":{"start":{"line":287,"column":28},"end":{"line":287,"column":59}},"65":{"start":{"line":306,"column":0},"end":{"line":306,"column":95}}},"fnMap":{"0":{"name":"(anonymous_0)","decl":{"start":{"line":15,"column":2},"end":{"line":15,"column":3}},"loc":{"start":{"line":15,"column":21},"end":{"line":38,"column":3}},"line":15},"1":{"name":"(anonymous_1)","decl":{"start":{"line":40,"column":2},"end":{"line":40,"column":3}},"loc":{"start":{"line":40,"column":14},"end":{"line":42,"column":3}},"line":40},"2":{"name":"(anonymous_2)","decl":{"start":{"line":43,"column":2},"end":{"line":43,"column":3}},"loc":{"start":{"line":43,"column":15},"end":{"line":45,"column":3}},"line":43},"3":{"name":"(anonymous_3)","decl":{"start":{"line":47,"column":2},"end":{"line":47,"column":3}},"loc":{"start":{"line":47,"column":22},"end":{"line":50,"column":3}},"line":47},"4":{"name":"(anonymous_4)","decl":{"start":{"line":53,"column":2},"end":{"line":53,"column":3}},"loc":{"start":{"line":53,"column":14},"end":{"line":72,"column":3}},"line":53},"5":{"name":"(anonymous_5)","decl":{"start":{"line":57,"column":15},"end":{"line":57,"column":16}},"loc":{"start":{"line":57,"column":28},"end":{"line":67,"column":7}},"line":57},"6":{"name":"(anonymous_6)","decl":{"start":{"line":68,"column":13},"end":{"line":68,"column":14}},"loc":{"start":{"line":68,"column":19},"end":{"line":70,"column":7}},"line":68},"7":{"name":"(anonymous_7)","decl":{"start":{"line":76,"column":2},"end":{"line":76,"column":3}},"loc":{"start":{"line":76,"column":18},"end":{"line":93,"column":3}},"line":76},"8":{"name":"(anonymous_8)","decl":{"start":{"line":84,"column":15},"end":{"line":84,"column":16}},"loc":{"start":{"line":84,"column":28},"end":{"line":91,"column":7}},"line":84},"9":{"name":"(anonymous_9)","decl":{"start":{"line":96,"column":2},"end":{"line":96,"column":3}},"loc":{"start":{"line":96,"column":29},"end":{"line":131,"column":3}},"line":96},"10":{"name":"(anonymous_10)","decl":{"start":{"line":134,"column":2},"end":{"line":134,"column":3}},"loc":{"start":{"line":134,"column":35},"end":{"line":170,"column":3}},"line":134},"11":{"name":"(anonymous_11)","decl":{"start":{"line":149,"column":15},"end":{"line":149,"column":16}},"loc":{"start":{"line":149,"column":21},"end":{"line":165,"column":7}},"line":149},"12":{"name":"(anonymous_12)","decl":{"start":{"line":166,"column":13},"end":{"line":166,"column":14}},"loc":{"start":{"line":166,"column":18},"end":{"line":168,"column":7}},"line":166},"13":{"name":"(anonymous_13)","decl":{"start":{"line":174,"column":2},"end":{"line":174,"column":3}},"loc":{"start":{"line":174,"column":18},"end":{"line":187,"column":3}},"line":174},"14":{"name":"(anonymous_14)","decl":{"start":{"line":191,"column":2},"end":{"line":191,"column":3}},"loc":{"start":{"line":191,"column":20},"end":{"line":199,"column":3}},"line":191},"15":{"name":"(anonymous_15)","decl":{"start":{"line":201,"column":2},"end":{"line":201,"column":3}},"loc":{"start":{"line":201,"column":11},"end":{"line":302,"column":3}},"line":201},"16":{"name":"(anonymous_16)","decl":{"start":{"line":205,"column":13},"end":{"line":205,"column":14}},"loc":{"start":{"line":206,"column":14},"end":{"line":297,"column":15}},"line":206},"17":{"name":"(anonymous_17)","decl":{"start":{"line":218,"column":35},"end":{"line":218,"column":36}},"loc":{"start":{"line":218,"column":63},"end":{"line":220,"column":21}},"line":218},"18":{"name":"(anonymous_18)","decl":{"start":{"line":219,"column":60},"end":{"line":219,"column":61}},"loc":{"start":{"line":219,"column":66},"end":{"line":219,"column":88}},"line":219},"19":{"name":"(anonymous_19)","decl":{"start":{"line":225,"column":40},"end":{"line":225,"column":41}},"loc":{"start":{"line":225,"column":46},"end":{"line":230,"column":23}},"line":225},"20":{"name":"(anonymous_20)","decl":{"start":{"line":234,"column":35},"end":{"line":234,"column":36}},"loc":{"start":{"line":234,"column":53},"end":{"line":236,"column":21}},"line":234},"21":{"name":"(anonymous_21)","decl":{"start":{"line":270,"column":41},"end":{"line":270,"column":42}},"loc":{"start":{"line":270,"column":69},"end":{"line":272,"column":27}},"line":270},"22":{"name":"(anonymous_22)","decl":{"start":{"line":271,"column":66},"end":{"line":271,"column":67}},"loc":{"start":{"line":271,"column":72},"end":{"line":271,"column":94}},"line":271},"23":{"name":"(anonymous_23)","decl":{"start":{"line":277,"column":46},"end":{"line":277,"column":47}},"loc":{"start":{"line":277,"column":52},"end":{"line":282,"column":29}},"line":277},"24":{"name":"(anonymous_24)","decl":{"start":{"line":286,"column":41},"end":{"line":286,"column":42}},"loc":{"start":{"line":286,"column":59},"end":{"line":288,"column":27}},"line":286}},"branchMap":{"0":{"loc":{"start":{"line":101,"column":4},"end":{"line":111,"column":5}},"type":"if","locations":[{"start":{"line":101,"column":4},"end":{"line":111,"column":5}},{"start":{"line":101,"column":4},"end":{"line":111,"column":5}}],"line":101},"1":{"loc":{"start":{"line":101,"column":8},"end":{"line":101,"column":68}},"type":"binary-expr","locations":[{"start":{"line":101,"column":8},"end":{"line":101,"column":37}},{"start":{"line":101,"column":41},"end":{"line":101,"column":68}}],"line":101},"2":{"loc":{"start":{"line":106,"column":8},"end":{"line":109,"column":9}},"type":"if","locations":[{"start":{"line":106,"column":8},"end":{"line":109,"column":9}},{"start":{"line":106,"column":8},"end":{"line":109,"column":9}}],"line":106},"3":{"loc":{"start":{"line":115,"column":4},"end":{"line":130,"column":5}},"type":"if","locations":[{"start":{"line":115,"column":4},"end":{"line":130,"column":5}},{"start":{"line":115,"column":4},"end":{"line":130,"column":5}}],"line":115},"4":{"loc":{"start":{"line":122,"column":6},"end":{"line":126,"column":7}},"type":"if","locations":[{"start":{"line":122,"column":6},"end":{"line":126,"column":7}},{"start":{"line":122,"column":6},"end":{"line":126,"column":7}}],"line":122},"5":{"loc":{"start":{"line":124,"column":13},"end":{"line":126,"column":7}},"type":"if","locations":[{"start":{"line":124,"column":13},"end":{"line":126,"column":7}},{"start":{"line":124,"column":13},"end":{"line":126,"column":7}}],"line":124},"6":{"loc":{"start":{"line":159,"column":8},"end":{"line":164,"column":9}},"type":"if","locations":[{"start":{"line":159,"column":8},"end":{"line":164,"column":9}},{"start":{"line":159,"column":8},"end":{"line":164,"column":9}}],"line":159},"7":{"loc":{"start":{"line":162,"column":15},"end":{"line":164,"column":9}},"type":"if","locations":[{"start":{"line":162,"column":15},"end":{"line":164,"column":9}},{"start":{"line":162,"column":15},"end":{"line":164,"column":9}}],"line":162},"8":{"loc":{"start":{"line":175,"column":4},"end":{"line":186,"column":5}},"type":"if","locations":[{"start":{"line":175,"column":4},"end":{"line":186,"column":5}},{"start":{"line":175,"column":4},"end":{"line":186,"column":5}}],"line":175},"9":{"loc":{"start":{"line":175,"column":8},"end":{"line":175,"column":68}},"type":"binary-expr","locations":[{"start":{"line":175,"column":8},"end":{"line":175,"column":37}},{"start":{"line":175,"column":41},"end":{"line":175,"column":68}}],"line":175},"10":{"loc":{"start":{"line":194,"column":6},"end":{"line":196,"column":7}},"type":"if","locations":[{"start":{"line":194,"column":6},"end":{"line":196,"column":7}},{"start":{"line":194,"column":6},"end":{"line":196,"column":7}}],"line":194},"11":{"loc":{"start":{"line":206,"column":14},"end":{"line":297,"column":15}},"type":"cond-expr","locations":[{"start":{"line":207,"column":14},"end":{"line":242,"column":20}},{"start":{"line":244,"column":16},"end":{"line":296,"column":22}}],"line":206},"12":{"loc":{"start":{"line":306,"column":30},"end":{"line":306,"column":93}},"type":"binary-expr","locations":[{"start":{"line":306,"column":30},"end":{"line":306,"column":60}},{"start":{"line":306,"column":64},"end":{"line":306,"column":93}}],"line":306}},"s":{"0":4,"1":4,"2":4,"3":4,"4":2,"5":2,"6":4,"7":4,"8":4,"9":0,"10":0,"11":4,"12":4,"13":0,"14":0,"15":0,"16":0,"17":3,"18":3,"19":3,"20":3,"21":1,"22":2,"23":2,"24":1,"25":1,"26":1,"27":3,"28":2,"29":2,"30":0,"31":2,"32":0,"33":2,"34":1,"35":2,"36":2,"37":2,"38":0,"39":0,"40":0,"41":0,"42":0,"43":0,"44":0,"45":2,"46":1,"47":1,"48":1,"49":2,"50":2,"51":2,"52":2,"53":1,"54":1,"55":25,"56":20,"57":0,"58":0,"59":0,"60":0,"61":0,"62":0,"63":0,"64":0,"65":1},"f":{"0":4,"1":2,"2":2,"3":4,"4":4,"5":0,"6":0,"7":4,"8":0,"9":3,"10":2,"11":0,"12":0,"13":2,"14":2,"15":25,"16":20,"17":0,"18":0,"19":0,"20":0,"21":0,"22":0,"23":0,"24":0},"b":{"0":[1,2],"1":[3,2],"2":[1,0],"3":[2,1],"4":[0,2],"5":[0,2],"6":[0,0],"7":[0,0],"8":[1,1],"9":[2,1],"10":[1,1],"11":[0,20],"12":[1,1]},"_coverageSchema":"43e27e138ebf9cfc5966b082cf9a028302ed4184","hash":"71b4ed216e067fae7f18ce3c3ee8dedcd22e3e1a"}
,"/Users/michaellou/Documents/HRR36/checkout_module/client/components/form-bot.jsx": {"path":"/Users/michaellou/Documents/HRR36/checkout_module/client/components/form-bot.jsx","statementMap":{"0":{"start":{"line":6,"column":8},"end":{"line":6,"column":21}},"1":{"start":{"line":7,"column":8},"end":{"line":10,"column":9}},"2":{"start":{"line":14,"column":8},"end":{"line":18,"column":9}},"3":{"start":{"line":15,"column":12},"end":{"line":17,"column":15}},"4":{"start":{"line":21,"column":8},"end":{"line":25,"column":9}},"5":{"start":{"line":22,"column":12},"end":{"line":24,"column":15}},"6":{"start":{"line":30,"column":8},"end":{"line":82,"column":9}},"7":{"start":{"line":31,"column":12},"end":{"line":67,"column":13}},"8":{"start":{"line":59,"column":21},"end":{"line":59,"column":37}},"9":{"start":{"line":60,"column":21},"end":{"line":63,"column":22}},"10":{"start":{"line":62,"column":30},"end":{"line":62,"column":73}},"11":{"start":{"line":69,"column":12},"end":{"line":81,"column":13}},"12":{"start":{"line":72,"column":24},"end":{"line":72,"column":40}},"13":{"start":{"line":73,"column":24},"end":{"line":76,"column":25}},"14":{"start":{"line":75,"column":34},"end":{"line":75,"column":77}}},"fnMap":{"0":{"name":"(anonymous_0)","decl":{"start":{"line":5,"column":4},"end":{"line":5,"column":5}},"loc":{"start":{"line":5,"column":23},"end":{"line":11,"column":5}},"line":5},"1":{"name":"(anonymous_1)","decl":{"start":{"line":13,"column":4},"end":{"line":13,"column":5}},"loc":{"start":{"line":13,"column":15},"end":{"line":19,"column":5}},"line":13},"2":{"name":"(anonymous_2)","decl":{"start":{"line":20,"column":4},"end":{"line":20,"column":5}},"loc":{"start":{"line":20,"column":15},"end":{"line":26,"column":5}},"line":20},"3":{"name":"(anonymous_3)","decl":{"start":{"line":29,"column":4},"end":{"line":29,"column":5}},"loc":{"start":{"line":29,"column":13},"end":{"line":83,"column":5}},"line":29},"4":{"name":"(anonymous_4)","decl":{"start":{"line":58,"column":33},"end":{"line":58,"column":34}},"loc":{"start":{"line":58,"column":44},"end":{"line":63,"column":23}},"line":58},"5":{"name":"(anonymous_5)","decl":{"start":{"line":62,"column":24},"end":{"line":62,"column":25}},"loc":{"start":{"line":62,"column":30},"end":{"line":62,"column":73}},"line":62},"6":{"name":"(anonymous_6)","decl":{"start":{"line":71,"column":36},"end":{"line":71,"column":37}},"loc":{"start":{"line":71,"column":47},"end":{"line":76,"column":26}},"line":71},"7":{"name":"(anonymous_7)","decl":{"start":{"line":75,"column":28},"end":{"line":75,"column":29}},"loc":{"start":{"line":75,"column":34},"end":{"line":75,"column":77}},"line":75}},"branchMap":{"0":{"loc":{"start":{"line":14,"column":8},"end":{"line":18,"column":9}},"type":"if","locations":[{"start":{"line":14,"column":8},"end":{"line":18,"column":9}},{"start":{"line":14,"column":8},"end":{"line":18,"column":9}}],"line":14},"1":{"loc":{"start":{"line":21,"column":8},"end":{"line":25,"column":9}},"type":"if","locations":[{"start":{"line":21,"column":8},"end":{"line":25,"column":9}},{"start":{"line":21,"column":8},"end":{"line":25,"column":9}}],"line":21},"2":{"loc":{"start":{"line":30,"column":8},"end":{"line":82,"column":9}},"type":"if","locations":[{"start":{"line":30,"column":8},"end":{"line":82,"column":9}},{"start":{"line":30,"column":8},"end":{"line":82,"column":9}}],"line":30}},"s":{"0":8,"1":8,"2":3,"3":2,"4":4,"5":3,"6":30,"7":14,"8":1,"9":1,"10":1,"11":16,"12":1,"13":1,"14":1},"f":{"0":8,"1":3,"2":4,"3":30,"4":1,"5":1,"6":1,"7":1},"b":{"0":[2,1],"1":[3,1],"2":[14,16]},"_coverageSchema":"43e27e138ebf9cfc5966b082cf9a028302ed4184","hash":"4fe6c79d99de7643fd2c7893605ac9cff7e7ef00"}
,"/Users/michaellou/Documents/HRR36/checkout_module/client/components/form-top.jsx": {"path":"/Users/michaellou/Documents/HRR36/checkout_module/client/components/form-top.jsx","statementMap":{"0":{"start":{"line":4,"column":15},"end":{"line":11,"column":1}},"1":{"start":{"line":5,"column":2},"end":{"line":10,"column":8}}},"fnMap":{"0":{"name":"(anonymous_0)","decl":{"start":{"line":4,"column":15},"end":{"line":4,"column":16}},"loc":{"start":{"line":5,"column":2},"end":{"line":10,"column":8}},"line":5}},"branchMap":{},"s":{"0":1,"1":43},"f":{"0":43},"b":{},"_coverageSchema":"43e27e138ebf9cfc5966b082cf9a028302ed4184","hash":"415911a01563b4a29e3b123f5bc7c144e7f6e859"}
,"/Users/michaellou/Documents/HRR36/checkout_module/client/components/stars.jsx": {"path":"/Users/michaellou/Documents/HRR36/checkout_module/client/components/stars.jsx","statementMap":{"0":{"start":{"line":3,"column":14},"end":{"line":26,"column":1}},"1":{"start":{"line":4,"column":18},"end":{"line":4,"column":20}},"2":{"start":{"line":5,"column":20},"end":{"line":5,"column":29}},"3":{"start":{"line":7,"column":4},"end":{"line":9,"column":5}},"4":{"start":{"line":7,"column":17},"end":{"line":7,"column":18}},"5":{"start":{"line":8,"column":8},"end":{"line":8,"column":75}},"6":{"start":{"line":11,"column":4},"end":{"line":17,"column":5}},"7":{"start":{"line":12,"column":8},"end":{"line":12,"column":91}},"8":{"start":{"line":13,"column":8},"end":{"line":13,"column":16}},"9":{"start":{"line":14,"column":11},"end":{"line":17,"column":5}},"10":{"start":{"line":15,"column":8},"end":{"line":15,"column":100}},"11":{"start":{"line":16,"column":8},"end":{"line":16,"column":16}},"12":{"start":{"line":19,"column":4},"end":{"line":21,"column":5}},"13":{"start":{"line":19,"column":17},"end":{"line":19,"column":34}},"14":{"start":{"line":20,"column":8},"end":{"line":20,"column":74}},"15":{"start":{"line":23,"column":4},"end":{"line":25,"column":5}}},"fnMap":{"0":{"name":"(anonymous_0)","decl":{"start":{"line":3,"column":14},"end":{"line":3,"column":15}},"loc":{"start":{"line":3,"column":27},"end":{"line":26,"column":1}},"line":3}},"branchMap":{"0":{"loc":{"start":{"line":11,"column":4},"end":{"line":17,"column":5}},"type":"if","locations":[{"start":{"line":11,"column":4},"end":{"line":17,"column":5}},{"start":{"line":11,"column":4},"end":{"line":17,"column":5}}],"line":11},"1":{"loc":{"start":{"line":14,"column":11},"end":{"line":17,"column":5}},"type":"if","locations":[{"start":{"line":14,"column":11},"end":{"line":17,"column":5}},{"start":{"line":14,"column":11},"end":{"line":17,"column":5}}],"line":14},"2":{"loc":{"start":{"line":14,"column":15},"end":{"line":14,"column":53}},"type":"binary-expr","locations":[{"start":{"line":14,"column":15},"end":{"line":14,"column":32}},{"start":{"line":14,"column":36},"end":{"line":14,"column":53}}],"line":14}},"s":{"0":1,"1":41,"2":41,"3":41,"4":41,"5":16,"6":41,"7":1,"8":1,"9":40,"10":2,"11":2,"12":41,"13":41,"14":186,"15":41},"f":{"0":41},"b":{"0":[1,40],"1":[2,38],"2":[40,2]},"_coverageSchema":"43e27e138ebf9cfc5966b082cf9a028302ed4184","hash":"be2b14e9523865e6c448a25cd5cefd85573f7e16"}
}
