TN:
SF:/Users/michaellou/Documents/HRR36/checkout_module/client/desc.jsx
FN:7,(anonymous_0)
FN:21,(anonymous_1)
FN:25,(anonymous_2)
FN:29,(anonymous_3)
FN:41,(anonymous_4)
FN:47,(anonymous_5)
FN:53,(anonymous_6)
FNF:7
FNH:6
FNDA:2,(anonymous_0)
FNDA:2,(anonymous_1)
FNDA:4,(anonymous_2)
FNDA:1,(anonymous_3)
FNDA:0,(anonymous_4)
FNDA:1,(anonymous_5)
FNDA:4,(anonymous_6)
DA:8,2
DA:9,2
DA:22,2
DA:26,4
DA:30,1
DA:42,0
DA:48,1
DA:54,4
DA:92,1
LF:9
LH:8
BRDA:72,0,0,1
BRDA:72,0,1,3
BRDA:82,1,0,1
BRDA:82,1,1,3
BRDA:92,2,0,1
BRDA:92,2,1,1
BRF:6
BRH:6
end_of_record
TN:
SF:/Users/michaellou/Documents/HRR36/checkout_module/client/index.jsx
FN:15,(anonymous_0)
FN:40,(anonymous_1)
FN:43,(anonymous_2)
FN:47,(anonymous_3)
FN:53,(anonymous_4)
FN:57,(anonymous_5)
FN:68,(anonymous_6)
FN:76,(anonymous_7)
FN:84,(anonymous_8)
FN:96,(anonymous_9)
FN:134,(anonymous_10)
FN:149,(anonymous_11)
FN:166,(anonymous_12)
FN:174,(anonymous_13)
FN:191,(anonymous_14)
FN:201,(anonymous_15)
FN:205,(anonymous_16)
FN:218,(anonymous_17)
FN:219,(anonymous_18)
FN:225,(anonymous_19)
FN:234,(anonymous_20)
FN:270,(anonymous_21)
FN:271,(anonymous_22)
FN:277,(anonymous_23)
FN:286,(anonymous_24)
FNF:25
FNH:12
FNDA:4,(anonymous_0)
FNDA:2,(anonymous_1)
FNDA:2,(anonymous_2)
FNDA:4,(anonymous_3)
FNDA:4,(anonymous_4)
FNDA:0,(anonymous_5)
FNDA:0,(anonymous_6)
FNDA:4,(anonymous_7)
FNDA:0,(anonymous_8)
FNDA:3,(anonymous_9)
FNDA:2,(anonymous_10)
FNDA:0,(anonymous_11)
FNDA:0,(anonymous_12)
FNDA:2,(anonymous_13)
FNDA:2,(anonymous_14)
FNDA:25,(anonymous_15)
FNDA:20,(anonymous_16)
FNDA:0,(anonymous_17)
FNDA:0,(anonymous_18)
FNDA:0,(anonymous_19)
FNDA:0,(anonymous_20)
FNDA:0,(anonymous_21)
FNDA:0,(anonymous_22)
FNDA:0,(anonymous_23)
FNDA:0,(anonymous_24)
DA:16,4
DA:18,4
DA:36,4
DA:37,4
DA:41,2
DA:44,2
DA:48,4
DA:49,4
DA:54,4
DA:58,0
DA:69,0
DA:77,4
DA:81,4
DA:85,0
DA:86,0
DA:87,0
DA:97,3
DA:98,3
DA:99,3
DA:101,3
DA:102,1
DA:105,2
DA:106,1
DA:107,1
DA:108,1
DA:115,3
DA:116,2
DA:122,2
DA:123,0
DA:124,2
DA:125,0
DA:127,2
DA:129,1
DA:136,2
DA:137,2
DA:139,2
DA:150,0
DA:151,0
DA:159,0
DA:160,0
DA:162,0
DA:163,0
DA:167,0
DA:175,2
DA:176,1
DA:181,1
DA:182,1
DA:192,2
DA:193,2
DA:194,2
DA:195,1
DA:198,1
DA:202,25
DA:206,20
DA:219,0
DA:226,0
DA:235,0
DA:271,0
DA:278,0
DA:287,0
DA:306,1
LF:61
LH:41
BRDA:101,0,0,1
BRDA:101,0,1,2
BRDA:101,1,0,3
BRDA:101,1,1,2
BRDA:106,2,0,1
BRDA:106,2,1,0
BRDA:115,3,0,2
BRDA:115,3,1,1
BRDA:122,4,0,0
BRDA:122,4,1,2
BRDA:124,5,0,0
BRDA:124,5,1,2
BRDA:159,6,0,0
BRDA:159,6,1,0
BRDA:162,7,0,0
BRDA:162,7,1,0
BRDA:175,8,0,1
BRDA:175,8,1,1
BRDA:175,9,0,2
BRDA:175,9,1,1
BRDA:194,10,0,1
BRDA:194,10,1,1
BRDA:206,11,0,0
BRDA:206,11,1,20
BRDA:306,12,0,1
BRDA:306,12,1,1
BRF:26
BRH:18
end_of_record
TN:
SF:/Users/michaellou/Documents/HRR36/checkout_module/client/components/form-bot.jsx
FN:5,(anonymous_0)
FN:13,(anonymous_1)
FN:20,(anonymous_2)
FN:29,(anonymous_3)
FN:58,(anonymous_4)
FN:62,(anonymous_5)
FN:71,(anonymous_6)
FN:75,(anonymous_7)
FNF:8
FNH:8
FNDA:8,(anonymous_0)
FNDA:3,(anonymous_1)
FNDA:4,(anonymous_2)
FNDA:30,(anonymous_3)
FNDA:1,(anonymous_4)
FNDA:1,(anonymous_5)
FNDA:1,(anonymous_6)
FNDA:1,(anonymous_7)
DA:6,8
DA:7,8
DA:14,3
DA:15,2
DA:21,4
DA:22,3
DA:30,30
DA:31,14
DA:59,1
DA:60,1
DA:62,1
DA:69,16
DA:72,1
DA:73,1
DA:75,1
LF:15
LH:15
BRDA:14,0,0,2
BRDA:14,0,1,1
BRDA:21,1,0,3
BRDA:21,1,1,1
BRDA:30,2,0,14
BRDA:30,2,1,16
BRF:6
BRH:6
end_of_record
TN:
SF:/Users/michaellou/Documents/HRR36/checkout_module/client/components/form-top.jsx
FN:4,(anonymous_0)
FNF:1
FNH:1
FNDA:43,(anonymous_0)
DA:4,1
DA:5,43
LF:2
LH:2
BRF:0
BRH:0
end_of_record
TN:
SF:/Users/michaellou/Documents/HRR36/checkout_module/client/components/stars.jsx
FN:3,(anonymous_0)
FNF:1
FNH:1
FNDA:41,(anonymous_0)
DA:3,1
DA:4,41
DA:5,41
DA:7,41
DA:8,16
DA:11,41
DA:12,1
DA:13,1
DA:14,40
DA:15,2
DA:16,2
DA:19,41
DA:20,186
DA:23,41
LF:14
LH:14
BRDA:11,0,0,1
BRDA:11,0,1,40
BRDA:14,1,0,2
BRDA:14,1,1,38
BRDA:14,2,0,40
BRDA:14,2,1,2
BRF:6
BRH:6
end_of_record
